<?xml version="1.0" encoding="UTF-8"?>
<!-- Generated by org.testng.reporters.JUnitReportReporter -->
<testsuite hostname="LTIN178073" failures="0" tests="1" name="TestCases.TC_001_HomePage" time="5.148" errors="0" timestamp="2024-02-28T18:48:16 IST" skipped="0">
  <testcase classname="TestCases.TC_001_HomePage" name="Click_FindDoc" time="5.148"/>
  <system-out/>
</testsuite> <!-- TestCases.TC_001_HomePage -->
