<?xml version="1.0" encoding="UTF-8"?>
<!-- Generated by org.testng.reporters.JUnitReportReporter -->
<testsuite hostname="LTIN178073" failures="0" tests="10" name="TestCases.TC_003_FilterPage" time="27.783" errors="0" timestamp="2024-02-28T18:48:16 IST" skipped="0">
  <testcase classname="TestCases.TC_003_FilterPage" name="Give_Storyfil" time="0.655"/>
  <system-out/>
  <testcase classname="TestCases.TC_003_FilterPage" name="Give_Expe" time="0.406"/>
  <system-out/>
  <testcase classname="TestCases.TC_003_FilterPage" name="allFilter_click" time="0.595"/>
  <system-out/>
  <testcase classname="TestCases.TC_003_FilterPage" name="Select_sortby" time="3.773"/>
  <system-out/>
  <testcase classname="TestCases.TC_003_FilterPage" name="scrollDown" time="10.551"/>
  <system-out/>
  <testcase classname="TestCases.TC_003_FilterPage" name="Print_docName" time="4.709"/>
  <system-out/>
  <testcase classname="TestCases.TC_003_FilterPage" name="Print_docExpe" time="1.991"/>
  <system-out/>
  <testcase classname="TestCases.TC_003_FilterPage" name="Print_DocAddress" time="1.623"/>
  <system-out/>
  <testcase classname="TestCases.TC_003_FilterPage" name="Print_docFee" time="1.266"/>
  <system-out/>
  <testcase classname="TestCases.TC_003_FilterPage" name="Click_surgeries" time="2.214"/>
  <system-out/>
</testsuite> <!-- TestCases.TC_003_FilterPage -->
