<?xml version="1.0" encoding="UTF-8"?>
<!-- Generated by org.testng.reporters.JUnitReportReporter -->
<testsuite hostname="LTIN178073" failures="0" tests="3" name="TestCases.TC_004_SurgeriesPage" time="10.127" errors="0" timestamp="2024-02-28T18:48:16 IST" skipped="0">
  <testcase classname="TestCases.TC_004_SurgeriesPage" name="pageScroll" time="0.464"/>
  <system-out/>
  <testcase classname="TestCases.TC_004_SurgeriesPage" name="print_SurgriesType" time="2.722"/>
  <system-out/>
  <testcase classname="TestCases.TC_004_SurgeriesPage" name="Select_HealthWellness" time="6.941"/>
  <system-out/>
</testsuite> <!-- TestCases.TC_004_SurgeriesPage -->
