<?xml version="1.0" encoding="UTF-8"?>
<!-- Generated by org.testng.reporters.JUnitReportReporter -->
<testsuite hostname="LTIN178073" failures="0" tests="2" name="TestCases.TC_002_DetailsPage" time="5.578" errors="0" timestamp="2024-02-28T18:48:16 IST" skipped="0">
  <testcase classname="TestCases.TC_002_DetailsPage" name="clear_Details" time="0.898"/>
  <system-out/>
  <testcase classname="TestCases.TC_002_DetailsPage" name="give_Specility" time="4.680"/>
  <system-out/>
</testsuite> <!-- TestCases.TC_002_DetailsPage -->
