<?xml version="1.0" encoding="UTF-8"?>
<!-- Generated by org.testng.reporters.JUnitReportReporter -->
<testsuite hostname="LTIN178073" failures="0" tests="7" name="TestCases.TC_005_FormPage" time="31.190" errors="0" timestamp="2024-02-28T18:48:16 IST" skipped="0">
  <testcase classname="TestCases.TC_005_FormPage" name="Invalid_formInput" time="1.821"/>
  <system-out/>
  <testcase classname="TestCases.TC_005_FormPage" name="sizeOfOrganizationAndInterest" time="1.090"/>
  <system-out/>
  <testcase classname="TestCases.TC_005_FormPage" name="SubmitButton" time="0.504"/>
  <system-out/>
  <testcase classname="TestCases.TC_005_FormPage" name="clear" time="2.418"/>
  <system-out/>
  <testcase classname="TestCases.TC_005_FormPage" name="valid_formInput" time="0.932"/>
  <system-out/>
  <testcase classname="TestCases.TC_005_FormPage" name="organization_size_and_Interest" time="0.399"/>
  <system-out/>
  <testcase classname="TestCases.TC_005_FormPage" name="SubmitButton1" time="24.026"/>
  <system-out/>
</testsuite> <!-- TestCases.TC_005_FormPage -->
